<?xml version="1.0" encoding="UTF-8"?>
<testng-results ignored="0" total="1" passed="1" failed="0" skipped="0">
  <reporter-output>
  </reporter-output>
  <suite started-at="2025-03-31T21:46:41 IST" name="Suite" finished-at="2025-03-31T21:49:12 IST" duration-ms="150978">
    <groups>
    </groups>
    <test started-at="2025-03-31T21:46:41 IST" name="Test" finished-at="2025-03-31T21:49:12 IST" duration-ms="150978">
      <class name="testcase.mainclass">
        <test-method is-config="true" signature="setup(java.lang.String,java.lang.String)[pri:0, instance:testcase.mainclass@2de23121]" started-at="2025-03-31T21:46:41 IST" name="setup" finished-at="2025-03-31T21:47:19 IST" duration-ms="37754" status="PASS">
          <params>
            <param index="0">
              <value>
                <![CDATA[Windows]]>
              </value>
            </param>
            <param index="1">
              <value>
                <![CDATA[chrome]]>
              </value>
            </param>
          </params>
          <reporter-output>
          </reporter-output>
        </test-method> <!-- setup -->
        <test-method signature="launch()[pri:0, instance:testcase.mainclass@2de23121]" started-at="2025-03-31T21:47:19 IST" name="launch" finished-at="2025-03-31T21:49:11 IST" duration-ms="112403" status="PASS">
          <reporter-output>
          </reporter-output>
        </test-method> <!-- launch -->
        <test-method is-config="true" signature="tearDown()[pri:0, instance:testcase.mainclass@2de23121]" started-at="2025-03-31T21:49:11 IST" name="tearDown" finished-at="2025-03-31T21:49:12 IST" duration-ms="703" status="PASS">
          <reporter-output>
          </reporter-output>
        </test-method> <!-- tearDown -->
      </class> <!-- testcase.mainclass -->
    </test> <!-- Test -->
  </suite> <!-- Suite -->
</testng-results>
